*** Using Compiler 'V5.06 update 5 (build 528)', folder: 'D:\Study\Keil_MDK\ARM\ARMCC\Bin'
Rebuild target 'Target 1'
assembling startup_stm32f10x_md.s...
compiling core_cm3.c...
compiling stm32f10x_bkp.c...
compiling stm32f10x_can.c...
compiling misc.c...
compiling system_stm32f10x.c...
compiling stm32f10x_cec.c...
compiling stm32f10x_adc.c...
compiling stm32f10x_crc.c...
compiling stm32f10x_dbgmcu.c...
compiling stm32f10x_dac.c...
compiling stm32f10x_exti.c...
compiling stm32f10x_dma.c...
compiling stm32f10x_fsmc.c...
compiling stm32f10x_flash.c...
compiling stm32f10x_iwdg.c...
compiling stm32f10x_gpio.c...
compiling stm32f10x_pwr.c...
compiling stm32f10x_i2c.c...
compiling stm32f10x_rcc.c...
compiling stm32f10x_rtc.c...
compiling stm32f10x_sdio.c...
compiling stm32f10x_wwdg.c...
compiling stm32f10x_spi.c...
compiling main.c...
compiling stm32f10x_it.c...
compiling Delay.c...
compiling stm32f10x_usart.c...
compiling stm32f10x_tim.c...
compiling MPU6050.C...
compiling MyI2C.c...
compiling OLED.c...
linking...
.\Objects\project.axf: Error: L6218E: Undefined symbol MPU6050ACC_GetData (referred from main.o).
.\Objects\project.axf: Error: L6218E: Undefined symbol MPU6050GYRO_GetData (referred from main.o).
.\Objects\project.axf: Error: L6218E: Undefined symbol HardWareI2C_Init (referred from mpu6050.o).
.\Objects\project.axf: Error: L6218E: Undefined symbol HardWareI2C_WaitEvent (referred from mpu6050.o).
Not enough information to list image symbols.
Not enough information to list load addresses in the image map.
Finished: 2 information, 0 warning and 4 error messages.
".\Objects\project.axf" - 4 Error(s), 0 Warning(s).
Target not created.
Build Time Elapsed:  00:00:05
